{
  "RSpec": {
    "coverage": {
      "/app/app/helpers/admin/contacts_helper.rb": {
        "lines": [
          1,
          null
        ]
      },
      "/app/app/helpers/admin/site_settings_helper.rb": {
        "lines": [
          1,
          null
        ]
      },
      "/app/app/helpers/application_helper.rb": {
        "lines": [
          1,
          null,
          1,
          1,
          1,
          1,
          1,
          null,
          null,
          null,
          null,
          1,
          4,
          null,
          1,
          null,
          1,
          null,
          0,
          null,
          1,
          null,
          1,
          null,
          null,
          null,
          null,
          1,
          3,
          null,
          2,
          null,
          1,
          null,
          null
        ]
      },
      "/app/app/helpers/markdown_helper.rb": {
        "lines": [
          1,
          1,
          null,
          1,
          null,
          1,
          1,
          1,
          null,
          1,
          null,
          null,
          0,
          null,
          null,
          null,
          null,
          null,
          1,
          114,
          null,
          null,
          113,
          null,
          113,
          null,
          null,
          null,
          null,
          null,
          null,
          null,
          null,
          null,
          113,
          null,
          null,
          null,
          null,
          null,
          null,
          null,
          null,
          null,
          null,
          null,
          113,
          null,
          null,
          null,
          1,
          1,
          null,
          null,
          1,
          null,
          1,
          null,
          null,
          null,
          null,
          null,
          null,
          null,
          null,
          null,
          1,
          null,
          null,
          null,
          null,
          null,
          null,
          null,
          null,
          null,
          null,
          null,
          1,
          null,
          null,
          null,
          1,
          113,
          null,
          null,
          113,
          null,
          1,
          1,
          null,
          null,
          null,
          null,
          null,
          1,
          6,
          null,
          null,
          6,
          null,
          null,
          6,
          6,
          null,
          6,
          6,
          6,
          null,
          null,
          6,
          2,
          2,
          null,
          null,
          2,
          null,
          2,
          2,
          null,
          0,
          null,
          null,
          4,
          null,
          null,
          null,
          6,
          null,
          null,
          6,
          null,
          null,
          null,
          null,
          null,
          null,
          null,
          null,
          null,
          6,
          6,
          null,
          null,
          6,
          2,
          null,
          2,
          null,
          2,
          null,
          2,
          2,
          2,
          null,
          null,
          6,
          null,
          null,
          1,
          null,
          1,
          2,
          null,
          2,
          1,
          null,
          null,
          null,
          null,
          null,
          1,
          null,
          null,
          0,
          0,
          null,
          null,
          1,
          6,
          null,
          null,
          null,
          null,
          null,
          null,
          null,
          null,
          null,
          null,
          null,
          null,
          1,
          0,
          null,
          null,
          null,
          null,
          null,
          null,
          null,
          null,
          null,
          null
        ]
      },
      "/app/app/helpers/section_helper.rb": {
        "lines": [
          1,
          null,
          null,
          null,
          1,
          10,
          null,
          1,
          null,
          null,
          null,
          1,
          0,
          null,
          null,
          null,
          1,
          0,
          null,
          null,
          null,
          1,
          1,
          null,
          null,
          null,
          1,
          3,
          null,
          null,
          2,
          null,
          1,
          1,
          null,
          null,
          null,
          null,
          1,
          3,
          null,
          null,
          null,
          1,
          3,
          2,
          1,
          null,
          null
        ]
      },
      "/app/app/helpers/time_helper.rb": {
        "lines": [
          1,
          null,
          null,
          null,
          1,
          3,
          null,
          3,
          null,
          3,
          null,
          1,
          null,
          0,
          null,
          1,
          null,
          1,
          null,
          0,
          null,
          0,
          null,
          0,
          null,
          null,
          null,
          null,
          1,
          2,
          2,
          null,
          2,
          null,
          2,
          1,
          null,
          1,
          null,
          null,
          null,
          null,
          1,
          1,
          1,
          null,
          null,
          null,
          1,
          1,
          1,
          null,
          null,
          null,
          1,
          1,
          1,
          null,
          null,
          null,
          1,
          1,
          1,
          null,
          null
        ]
      },
      "/app/app/helpers/navigation_helper.rb": {
        "lines": [
          1,
          null,
          null,
          null,
          1,
          1,
          1,
          1,
          2,
          null,
          null,
          null,
          null,
          null,
          null,
          1,
          45,
          null,
          null,
          null,
          1,
          8,
          8,
          8,
          null,
          null,
          null,
          1,
          2,
          null,
          2,
          1,
          null,
          1,
          null,
          null,
          null,
          null,
          1,
          1,
          null,
          1,
          1,
          null,
          null,
          1,
          5,
          null,
          null,
          null,
          1,
          null,
          null,
          null,
          null,
          1,
          1,
          null,
          1,
          null,
          1,
          1,
          2,
          2,
          null,
          null,
          null,
          null,
          null,
          1,
          null,
          1,
          2,
          2,
          1,
          null,
          1,
          1,
          null,
          null,
          1,
          1,
          null,
          0,
          null,
          null,
          1,
          null,
          null,
          null,
          null,
          1,
          2,
          null,
          2,
          null,
          1,
          null,
          0,
          null,
          0,
          null,
          1,
          null,
          null,
          null
        ]
      },
      "/app/app/helpers/gtm_helper.rb": {
        "lines": [
          1,
          1,
          52,
          null,
          null,
          1,
          52,
          null,
          null,
          1,
          26,
          null,
          26,
          26,
          null,
          null,
          null,
          null,
          null,
          null,
          null,
          null,
          null,
          1,
          26,
          null,
          26,
          26,
          null,
          null,
          null,
          null,
          null,
          null,
          null,
          null
        ]
      },
      "/app/app/helpers/contacts_helper.rb": {
        "lines": [
          1,
          null
        ]
      },
      "/app/app/helpers/image_helper.rb": {
        "lines": [
          null,
          null,
          null,
          1,
          null,
          null,
          null,
          null,
          null,
          null,
          null,
          null,
          null,
          null,
          null,
          null,
          1,
          null,
          83,
          83,
          null,
          83,
          null,
          null,
          null,
          null,
          null,
          null,
          null,
          null,
          null,
          null,
          null,
          null,
          1,
          2,
          null,
          1,
          1,
          null,
          null,
          null,
          null,
          null,
          null,
          null,
          null,
          null,
          1,
          2,
          2,
          null,
          null,
          2,
          1,
          1,
          1,
          null,
          null,
          2,
          null,
          null
        ]
      },
      "/app/app/helpers/meta_tags_helper.rb": {
        "lines": [
          1,
          null,
          1,
          4,
          null,
          null,
          1,
          1,
          null,
          null,
          1,
          0,
          null,
          null,
          1,
          0,
          null,
          null,
          1,
          2,
          null,
          null,
          null,
          1,
          1,
          null,
          null,
          1,
          0,
          null,
          null,
          1,
          0,
          null,
          null,
          null,
          1,
          19,
          19,
          null,
          null,
          1,
          null,
          1,
          26,
          null,
          null,
          1,
          1,
          null,
          null
        ]
      },
      "/app/app/helpers/portfolio_helper.rb": {
        "lines": [
          1,
          null,
          1,
          null
        ]
      },
      "/app/app/helpers/search_helper.rb": {
        "lines": [
          1,
          null,
          null,
          null,
          null,
          1,
          51,
          50,
          null,
          null,
          47,
          null,
          null,
          47,
          47,
          null,
          null,
          47,
          null,
          48,
          null,
          48,
          null,
          null,
          null,
          null,
          null,
          47,
          null,
          null,
          null,
          null,
          null,
          null,
          null,
          1,
          8,
          8,
          null,
          8,
          null,
          7,
          7,
          null,
          7,
          null,
          6,
          6,
          null,
          null,
          6,
          6,
          null,
          6,
          null,
          null,
          null,
          null,
          2,
          2,
          null,
          null
        ]
      },
      "/app/app/controllers/application_controller.rb": {
        "lines": [
          1,
          null,
          1,
          null,
          null,
          1,
          null,
          1,
          null,
          null,
          1,
          null,
          null,
          1,
          null,
          1,
          null,
          1,
          null,
          229,
          null,
          72,
          null,
          null,
          null,
          null,
          null,
          null,
          null,
          null,
          null,
          null,
          null,
          null,
          null,
          null,
          null,
          null,
          null,
          null,
          null,
          null,
          null,
          null,
          null,
          null,
          null,
          null,
          null,
          null,
          null,
          null,
          1,
          2,
          1,
          null,
          1,
          null,
          null,
          null,
          1,
          2,
          1,
          null,
          1,
          null,
          null,
          null
        ]
      },
      "/app/app/controllers/portfolio_controller.rb": {
        "lines": [
          1,
          1,
          null,
          null,
          4,
          null,
          null,
          3,
          3,
          null,
          10,
          null,
          0,
          0,
          null,
          null,
          null,
          null,
          3,
          null,
          null,
          null,
          3,
          null,
          null,
          null,
          null,
          null,
          null,
          3,
          1,
          1,
          null,
          null,
          0,
          null,
          0,
          0,
          null,
          1,
          1,
          1,
          1,
          null,
          null,
          null
        ]
      },
      "/app/app/jobs/contact_notification_job.rb": {
        "lines": [
          1,
          1,
          null,
          1,
          null,
          2,
          null,
          null,
          2,
          null,
          1,
          null,
          null,
          1,
          null,
          null,
          null
        ]
      },
      "/app/app/jobs/application_job.rb": {
        "lines": [
          1,
          null,
          null,
          null,
          null,
          null,
          null
        ]
      },
      "/app/app/jobs/media/generate_variants_job.rb": {
        "lines": [
          null,
          1,
          1,
          null,
          1,
          3,
          3,
          null,
          2,
          null,
          1,
          1,
          null,
          null
        ]
      },
      "/app/app/mailers/application_mailer.rb": {
        "lines": [
          1,
          1,
          1,
          null
        ]
      },
      "/app/app/mailers/contact_mailer.rb": {
        "lines": [
          1,
          null,
          1,
          2,
          null,
          2,
          null,
          null,
          null,
          null,
          null,
          null,
          1,
          1,
          null,
          1,
          null,
          null,
          null,
          null,
          null
        ]
      },
      "/app/app/models/ai_generation.rb": {
        "lines": [
          null,
          null,
          1,
          null,
          1,
          null,
          null,
          1,
          null,
          null,
          1,
          1,
          null,
          null,
          1,
          1,
          1,
          1,
          null,
          null,
          3,
          8,
          3,
          3,
          1,
          1,
          1,
          null,
          null,
          1,
          52,
          null,
          null,
          null,
          null,
          null,
          null,
          null,
          null,
          1,
          9,
          null,
          null,
          null,
          null,
          null,
          null,
          1,
          2,
          null,
          null,
          null,
          1,
          1,
          null,
          null,
          null,
          1,
          1,
          null,
          null,
          null,
          1,
          2,
          null,
          null,
          null,
          1,
          2,
          null,
          null,
          null,
          null,
          null,
          1,
          0,
          null,
          null,
          null,
          null
        ]
      },
      "/app/app/models/application_record.rb": {
        "lines": [
          1,
          1,
          null
        ]
      },
      "/app/app/models/ai_usage_stat.rb": {
        "lines": [
          null,
          null,
          1,
          null,
          1,
          1,
          1,
          1,
          1,
          1,
          null,
          null,
          5,
          1,
          2,
          1,
          3,
          null,
          null,
          1,
          56,
          null,
          null,
          null,
          1,
          56,
          56,
          56,
          null,
          null,
          56,
          55,
          55,
          55,
          55,
          55,
          null,
          null,
          56,
          null,
          null,
          null,
          1,
          1,
          null,
          null,
          null,
          1,
          1,
          null,
          null,
          null,
          1,
          1,
          null,
          null,
          null,
          1,
          0,
          0,
          null,
          null,
          null,
          null,
          null,
          null,
          null,
          null,
          null,
          null,
          null,
          1,
          0,
          null,
          null,
          null,
          null,
          null,
          null,
          null,
          null,
          null,
          null,
          1,
          1,
          null,
          null,
          null,
          1,
          2,
          1,
          null,
          null,
          null,
          1,
          2,
          1,
          null,
          null
        ]
      },
      "/app/app/models/article.rb": {
        "lines": [
          1,
          1,
          1,
          1,
          1,
          null,
          null,
          null,
          1,
          null,
          null,
          null,
          null,
          null,
          null,
          null,
          null,
          null,
          null,
          null,
          null,
          null,
          1,
          null,
          1,
          1,
          1,
          1,
          1,
          null,
          1,
          1,
          1,
          null,
          1,
          1,
          1,
          1,
          null,
          1,
          null,
          null,
          null,
          null,
          null,
          null,
          138,
          5,
          16,
          null,
          1,
          15,
          7,
          null,
          3,
          1,
          1,
          null,
          null,
          null,
          1,
          30,
          null,
          22,
          null,
          null,
          null,
          1,
          2,
          null,
          2,
          2,
          null,
          null,
          null,
          null,
          null,
          null,
          1,
          15,
          7,
          null,
          null,
          1,
          6,
          null,
          4,
          null,
          null,
          1,
          1,
          1,
          1,
          null,
          null,
          1,
          35,
          null,
          null,
          1,
          82,
          null,
          null,
          1,
          116,
          null,
          null,
          null,
          1,
          null,
          null,
          null,
          null,
          null,
          1,
          null,
          null,
          null,
          null,
          null,
          1,
          null,
          null,
          null,
          null,
          1,
          2,
          null,
          null,
          1,
          null,
          1,
          514,
          null,
          null,
          1,
          512,
          198,
          null,
          null,
          null,
          1,
          518,
          518,
          null,
          null,
          1,
          534,
          null,
          null,
          1,
          538,
          null,
          null,
          null,
          1,
          null,
          522,
          522,
          null,
          null,
          522,
          null,
          null,
          522,
          522,
          522,
          null,
          522,
          null,
          null
        ]
      },
      "/app/app/models/concerns/publishable.rb": {
        "lines": [
          null,
          null,
          1,
          1,
          null,
          1,
          7,
          7,
          7,
          null,
          null,
          null,
          1,
          null,
          7,
          0,
          null,
          1,
          null,
          3,
          null,
          2,
          null,
          1,
          null,
          null,
          null,
          1,
          null,
          3,
          0,
          null,
          0,
          null,
          2,
          null,
          1,
          null,
          null,
          null,
          1,
          0,
          null,
          null,
          1,
          0,
          null,
          null,
          null,
          1,
          null,
          5,
          2,
          null,
          2,
          null,
          1,
          null,
          null,
          null,
          null,
          1,
          null,
          4,
          0,
          null,
          0,
          null,
          0,
          null,
          0,
          null,
          0,
          null,
          0,
          null,
          null,
          1,
          null,
          1,
          null,
          2,
          null,
          null,
          null,
          null,
          1,
          null,
          4,
          2,
          2,
          null,
          1,
          null,
          1,
          null,
          0,
          null,
          null,
          null,
          null,
          1,
          1,
          null,
          1,
          null,
          null
        ]
      },
      "/app/app/models/concerns/trackable_attachment.rb": {
        "lines": [
          null,
          null,
          null,
          null,
          1,
          1,
          null,
          1,
          null,
          1,
          null,
          null,
          1,
          null,
          1,
          null,
          511,
          3,
          null,
          null,
          null,
          511,
          null,
          null,
          5,
          5,
          null,
          null,
          null,
          null,
          1,
          8,
          8,
          null,
          null,
          8,
          8,
          null,
          0,
          null,
          0,
          0,
          null,
          null,
          null,
          8,
          null,
          null,
          null,
          null,
          null,
          null,
          null,
          null,
          null,
          null,
          0,
          null,
          0,
          0,
          null,
          0,
          null,
          null
        ]
      },
      "/app/app/models/concerns/cache_sweeper.rb": {
        "lines": [
          null,
          null,
          null,
          null,
          null,
          null,
          null,
          null,
          null,
          null,
          null,
          null,
          null,
          null,
          null,
          null,
          1,
          1,
          null,
          1,
          3,
          null,
          null,
          1,
          null,
          null,
          1,
          null,
          null,
          0,
          null,
          null,
          null,
          1,
          2369,
          2369,
          null,
          null,
          null,
          null,
          1,
          1606,
          1606,
          1606,
          null,
          0,
          null,
          null,
          null
        ]
      },
      "/app/app/models/category.rb": {
        "lines": [
          1,
          1,
          1,
          null,
          1,
          1,
          null,
          1,
          1,
          null,
          1,
          1,
          1,
          null,
          3,
          25,
          null,
          120,
          1,
          null,
          1,
          0,
          null,
          null,
          1,
          0,
          null,
          null,
          1,
          0,
          null,
          null,
          1,
          16,
          null,
          null,
          1,
          null,
          1,
          0,
          null,
          null,
          1,
          4,
          null,
          null,
          null,
          1,
          null,
          117,
          null,
          null,
          117,
          117,
          null,
          117,
          null,
          null
        ]
      },
      "/app/app/models/concerns/positionable.rb": {
        "lines": [
          null,
          null,
          1,
          1,
          null,
          1,
          3,
          21,
          null,
          null,
          1,
          1,
          7,
          null,
          null,
          null,
          1,
          2,
          null,
          1,
          null,
          null,
          1,
          1,
          1,
          null,
          1,
          null,
          null,
          1,
          3,
          3,
          null,
          2,
          2,
          null,
          2,
          2,
          null,
          1,
          null,
          null,
          null,
          1,
          null,
          null,
          null,
          2,
          null,
          null,
          2,
          null,
          null,
          1,
          1,
          null,
          null,
          1,
          1,
          null,
          null,
          1,
          null,
          1,
          2,
          2,
          null,
          2,
          null,
          2,
          2,
          2,
          2,
          null,
          null,
          2,
          2,
          null,
          0,
          null,
          null
        ]
      },
      "/app/app/models/tag.rb": {
        "lines": [
          1,
          1,
          null,
          1,
          1,
          null,
          1,
          1,
          null,
          3,
          8,
          19,
          1,
          null,
          166,
          null,
          1,
          70,
          null,
          null,
          1,
          null,
          1,
          8,
          null,
          null,
          8,
          null,
          0,
          0,
          null,
          null,
          8,
          null,
          null,
          8,
          8,
          0,
          0,
          null,
          null,
          null,
          null,
          1,
          null,
          164,
          null,
          null,
          164,
          164,
          null,
          164,
          null,
          null
        ]
      },
      "/app/app/models/concerns/json_storable.rb": {
        "lines": [
          null,
          null,
          1,
          1,
          null,
          1,
          null,
          1,
          null,
          null,
          1,
          null,
          1,
          0,
          0,
          0,
          null,
          null,
          0,
          0,
          null,
          null,
          null,
          null,
          null,
          null,
          1,
          2,
          null,
          null,
          2,
          2,
          1,
          null,
          1,
          1,
          null,
          null,
          null,
          null,
          1,
          2,
          null,
          null,
          2,
          2,
          2,
          null,
          2,
          1,
          null,
          1,
          null,
          null,
          2,
          null,
          0,
          0,
          null,
          null,
          null,
          null,
          1,
          2,
          2,
          null,
          null,
          1,
          1,
          null,
          0,
          0,
          null,
          null,
          null,
          null,
          1,
          2,
          null,
          null,
          1,
          1,
          1,
          null,
          1,
          1,
          1,
          null,
          0,
          0,
          null,
          null,
          null,
          null,
          1,
          0,
          null,
          0,
          0,
          null,
          null,
          null,
          1,
          1,
          1,
          null,
          null,
          1,
          1,
          null,
          1,
          null,
          0,
          null,
          null,
          null,
          null,
          1,
          null,
          1,
          1,
          1,
          null,
          0,
          null,
          null,
          null,
          1,
          null,
          null,
          1,
          882,
          null,
          63,
          63,
          63,
          null,
          63,
          63,
          0,
          63,
          0,
          null,
          null,
          null,
          null
        ]
      },
      "/app/app/models/my_story_section.rb": {
        "lines": [
          null,
          null,
          null,
          null,
          null,
          null,
          null,
          null,
          null,
          null,
          null,
          null,
          null,
          null,
          null,
          null,
          null,
          null,
          null,
          null,
          null,
          null,
          null,
          null,
          1,
          1,
          1,
          null,
          null,
          null,
          1,
          null,
          null,
          null,
          null,
          null,
          null,
          null,
          null,
          null,
          null,
          1,
          null,
          null,
          null,
          null,
          null,
          null,
          null,
          null,
          null,
          null,
          1,
          null,
          null,
          1,
          1,
          1,
          null,
          null,
          1,
          null,
          null,
          null,
          null,
          null,
          1,
          1,
          1,
          null,
          null,
          3,
          1,
          4,
          3,
          null,
          null,
          1,
          0,
          null,
          null,
          1,
          0,
          null,
          null,
          1,
          0,
          null,
          null,
          1,
          0,
          null,
          null,
          1,
          0,
          null,
          null,
          1,
          0,
          null,
          null,
          1,
          0,
          null,
          null,
          1,
          0,
          null,
          null,
          null,
          1,
          17,
          null,
          null,
          1,
          0,
          null,
          null,
          1,
          104,
          null,
          null,
          null,
          1,
          null,
          null,
          null,
          null,
          null,
          null,
          null,
          null,
          null,
          1,
          null,
          null,
          null,
          null,
          1,
          3,
          null,
          null,
          1,
          177,
          null,
          null,
          1,
          1,
          null,
          null,
          1,
          0,
          null,
          null,
          1,
          0,
          null,
          null,
          1,
          0,
          null,
          null,
          1,
          3,
          null,
          null,
          null,
          1,
          39,
          null,
          null,
          1,
          2,
          null,
          null,
          1,
          2,
          null,
          null,
          null,
          1,
          1,
          1,
          null,
          1,
          null,
          1,
          43,
          null,
          1,
          null,
          null,
          null,
          1,
          182,
          null,
          4,
          4,
          4,
          null,
          null,
          null,
          1,
          62,
          null,
          6,
          null,
          null,
          6,
          1,
          null,
          null,
          null,
          6,
          1,
          null,
          null,
          null,
          6,
          1,
          null,
          null,
          null,
          1,
          63,
          null,
          41,
          0,
          null,
          null,
          null
        ]
      },
      "/app/app/models/media_metadata.rb": {
        "lines": [
          null,
          null,
          null,
          null,
          1,
          1,
          null,
          1,
          null,
          null,
          3,
          3,
          7,
          1,
          1,
          1,
          1,
          0,
          null,
          null,
          null,
          1,
          8,
          null,
          null,
          1,
          2,
          null,
          1,
          null,
          null,
          1,
          10,
          null,
          null,
          null,
          1,
          16,
          null,
          null,
          1,
          1,
          null,
          null,
          1,
          5,
          null,
          0,
          null,
          null,
          null,
          1,
          9,
          null,
          9,
          9,
          9,
          null,
          9,
          14,
          14,
          null,
          null,
          9,
          null,
          null,
          null,
          1,
          7,
          null,
          4,
          null,
          null
        ]
      },
      "/app/app/models/section_content.rb": {
        "lines": [
          1,
          1,
          1,
          null,
          1,
          1,
          1,
          null,
          1,
          1,
          1,
          null,
          1,
          2,
          null,
          23,
          1,
          1,
          null,
          1,
          3,
          3,
          3,
          null,
          null,
          null,
          1,
          1,
          null,
          null,
          1,
          null,
          45,
          null,
          39,
          null,
          0,
          null,
          0,
          null,
          6,
          null,
          null,
          null,
          1,
          null,
          1,
          22,
          2,
          null,
          null,
          null,
          1,
          null,
          15,
          null,
          null,
          1,
          15,
          null,
          15,
          15,
          null,
          null,
          1,
          12,
          null,
          10,
          null,
          null
        ]
      },
      "/app/app/controllers/admin/ai_controller.rb": {
        "lines": [
          null,
          null,
          1,
          1,
          1,
          null,
          null,
          1,
          2,
          null,
          null,
          null,
          null,
          2,
          2,
          null,
          null,
          2,
          null,
          null,
          null,
          1,
          5,
          null,
          null,
          null,
          null,
          5,
          null,
          5,
          null,
          null,
          5,
          null,
          null,
          null,
          1,
          2,
          null,
          null,
          null,
          null,
          2,
          2,
          null,
          null,
          null,
          2,
          null,
          null,
          null,
          1,
          2,
          null,
          null,
          null,
          null,
          2,
          null,
          2,
          null,
          null,
          2,
          null,
          null,
          null,
          1,
          2,
          null,
          null,
          null,
          null,
          2,
          2,
          null,
          2,
          null,
          null,
          null,
          null,
          null,
          null,
          null,
          1,
          3,
          null,
          3,
          null,
          null,
          null,
          null,
          null,
          3,
          null,
          null,
          null,
          1,
          3,
          null,
          3,
          null,
          1,
          null,
          1,
          null,
          1,
          1,
          null,
          null,
          3,
          null,
          null,
          1,
          null,
          1,
          21,
          null,
          15,
          14,
          null,
          1,
          null,
          null,
          null,
          1,
          17,
          null,
          1,
          null,
          null,
          null,
          null,
          null,
          1,
          null,
          16,
          16,
          null,
          null,
          1,
          null,
          0,
          null,
          null,
          null,
          0,
          0,
          null,
          0,
          null,
          null,
          1,
          1,
          null,
          1,
          null,
          0,
          null,
          0,
          null,
          null,
          null
        ]
      },
      "/app/app/controllers/admin/base_controller.rb": {
        "lines": [
          1,
          1,
          1,
          1,
          null,
          1,
          null,
          1,
          136,
          null,
          null,
          1,
          0,
          null,
          null,
          1,
          0,
          null,
          null
        ]
      },
      "/app/app/services/ai/bedrock_client.rb": {
        "lines": [
          null,
          null,
          1,
          null,
          1,
          1,
          1,
          1,
          1,
          null,
          1,
          88,
          null,
          null,
          null,
          null,
          null,
          null,
          null,
          null,
          1,
          69,
          null,
          66,
          null,
          66,
          null,
          null,
          null,
          null,
          null,
          null,
          52,
          null,
          5,
          null,
          1,
          null,
          0,
          null,
          8,
          null,
          0,
          null,
          null,
          null,
          null,
          null,
          null,
          null,
          null,
          null,
          1,
          2,
          2,
          null,
          null,
          5,
          null,
          4,
          4,
          null,
          4,
          null,
          3,
          3,
          null,
          null,
          null,
          3,
          3,
          null,
          null,
          1,
          1,
          null,
          null,
          null,
          null,
          1,
          0,
          null,
          0,
          0,
          null,
          null,
          1,
          null,
          1,
          null,
          88,
          88,
          88,
          null,
          null,
          null,
          88,
          88,
          null,
          0,
          null,
          null,
          88,
          null,
          null,
          null,
          null,
          null,
          null,
          0,
          0,
          null,
          null,
          1,
          null,
          66,
          null,
          null,
          null,
          null,
          null,
          null,
          null,
          null,
          null,
          null,
          null,
          1,
          69,
          68,
          67,
          null,
          null,
          1,
          52,
          null,
          null,
          52,
          null,
          null,
          null,
          null,
          null,
          null,
          null,
          1,
          52,
          52,
          null,
          null,
          52,
          104,
          null,
          0,
          null,
          null,
          null,
          1,
          5,
          5,
          null,
          null,
          1,
          1,
          1,
          null,
          null,
          1,
          0,
          0,
          null,
          null,
          1,
          8,
          8,
          null,
          null,
          null,
          null,
          null,
          null,
          1,
          0,
          0,
          null,
          null,
          null,
          null,
          null,
          null,
          null
        ]
      },
      "/app/app/services/ai/model_selector.rb": {
        "lines": [
          null,
          null,
          1,
          1,
          null,
          null,
          null,
          null,
          null,
          1,
          null,
          null,
          null,
          null,
          null,
          null,
          null,
          null,
          null,
          null,
          1,
          null,
          null,
          null,
          null,
          null,
          null,
          null,
          null,
          null,
          1,
          217,
          null,
          null,
          null,
          1,
          55,
          55,
          null,
          null,
          null,
          1,
          20,
          null,
          null,
          3,
          null,
          1,
          null,
          null,
          0,
          null,
          null,
          2,
          null,
          2,
          null,
          12,
          null,
          null,
          null,
          null,
          1,
          7,
          null,
          null,
          null
        ]
      },
      "/app/app/services/ai/seo_meta_generator.rb": {
        "lines": [
          null,
          null,
          1,
          1,
          null,
          1,
          null,
          null,
          null,
          null,
          null,
          null,
          null,
          null,
          1,
          null,
          12,
          10,
          null,
          9,
          9,
          9,
          null,
          8,
          8,
          null,
          8,
          null,
          null,
          null,
          null,
          null,
          4,
          4,
          null,
          0,
          0,
          0,
          null,
          null,
          null,
          1,
          null,
          1,
          51,
          null,
          null,
          1,
          null,
          1,
          12,
          11,
          null,
          null,
          1,
          10,
          10,
          1,
          null,
          null,
          null,
          1,
          9,
          9,
          null,
          9,
          null,
          null,
          null,
          null,
          null,
          null,
          null,
          null,
          null,
          null,
          null,
          null,
          null,
          null,
          null,
          null,
          null,
          null,
          null,
          null,
          null,
          null,
          null,
          null,
          null,
          null,
          null,
          null,
          null,
          null,
          null,
          null,
          null,
          null,
          null,
          null,
          null,
          null,
          null,
          null,
          null,
          null,
          null,
          null,
          null,
          null,
          null,
          null,
          null,
          null,
          1,
          null,
          9,
          null,
          null,
          null,
          null,
          null,
          32,
          null,
          null,
          1,
          8,
          null,
          8,
          8,
          19,
          19,
          null,
          null,
          8,
          null,
          0,
          0,
          null,
          null,
          1,
          19,
          null,
          6,
          null,
          6,
          null,
          4,
          null,
          3,
          null,
          null,
          null,
          null
        ]
      },
      "/app/app/services/ai/base_generator.rb": {
        "lines": [
          null,
          null,
          1,
          null,
          1,
          1,
          1,
          null,
          1,
          78,
          78,
          78,
          null,
          null,
          1,
          null,
          1,
          56,
          null,
          null,
          null,
          1,
          210,
          null,
          null,
          null,
          1,
          0,
          null,
          null,
          null,
          1,
          56,
          null,
          null,
          null,
          null,
          null,
          null,
          null,
          null,
          null,
          null,
          1,
          49,
          49,
          49,
          null,
          49,
          null,
          null,
          null,
          null,
          null,
          null,
          49,
          null,
          null,
          null,
          null,
          null,
          null,
          null,
          null,
          1,
          7,
          null,
          null,
          null,
          1,
          null,
          47,
          47,
          null,
          44,
          null,
          0,
          0,
          null,
          null,
          null,
          1,
          49,
          null,
          null,
          null,
          null,
          null,
          null,
          null,
          null,
          null,
          null,
          1,
          21,
          null,
          null,
          null
        ]
      },
      "/app/app/services/ai/errors.rb": {
        "lines": [
          null,
          null,
          1,
          null,
          1,
          null,
          null,
          null,
          1,
          null,
          null,
          1,
          1,
          null,
          1,
          14,
          14,
          14,
          null,
          null,
          null,
          null,
          1,
          1,
          5,
          null,
          null,
          null,
          null,
          1,
          1,
          0,
          null,
          null,
          null,
          null,
          1,
          1,
          1,
          null,
          null,
          null,
          null,
          1,
          1,
          null,
          1,
          17,
          17,
          null,
          null,
          null,
          null,
          1,
          null
        ]
      },
      "/app/app/services/ai/slug_generator.rb": {
        "lines": [
          null,
          null,
          1,
          1,
          1,
          null,
          null,
          null,
          null,
          null,
          1,
          null,
          11,
          11,
          null,
          10,
          10,
          10,
          10,
          null,
          9,
          9,
          null,
          9,
          null,
          null,
          null,
          null,
          null,
          2,
          2,
          null,
          0,
          0,
          0,
          null,
          null,
          null,
          1,
          null,
          1,
          57,
          null,
          null,
          1,
          null,
          1,
          11,
          null,
          null,
          1,
          11,
          null,
          null,
          null,
          null,
          null,
          null,
          null,
          null,
          null,
          null,
          null,
          null,
          null,
          null,
          null,
          null,
          null,
          null,
          null,
          null,
          null,
          null,
          null,
          null,
          null,
          1,
          9,
          9,
          null,
          9,
          16,
          null,
          16,
          null,
          null,
          null,
          16,
          null,
          0,
          0,
          null,
          null,
          1,
          17,
          null,
          null,
          null,
          null,
          null,
          null,
          1,
          16,
          null,
          null,
          16,
          16,
          16,
          null,
          null,
          null
        ]
      },
      "/app/app/services/ai/structure_suggester.rb": {
        "lines": [
          null,
          null,
          1,
          1,
          null,
          null,
          null,
          null,
          null,
          1,
          null,
          11,
          9,
          8,
          null,
          7,
          7,
          7,
          null,
          6,
          6,
          null,
          6,
          null,
          null,
          null,
          null,
          null,
          5,
          5,
          null,
          0,
          0,
          0,
          null,
          null,
          null,
          1,
          null,
          1,
          39,
          null,
          null,
          1,
          null,
          1,
          11,
          null,
          null,
          1,
          9,
          9,
          1,
          null,
          null,
          null,
          1,
          8,
          8,
          1,
          null,
          null,
          null,
          1,
          4,
          null,
          4,
          null,
          null,
          null,
          null,
          null,
          null,
          null,
          null,
          null,
          null,
          null,
          null,
          null,
          null,
          null,
          null,
          null,
          null,
          null,
          null,
          null,
          null,
          null,
          null,
          null,
          null,
          null,
          null,
          null,
          null,
          null,
          null,
          null,
          null,
          null,
          null,
          null,
          null,
          null,
          null,
          1,
          5,
          null,
          5,
          null,
          null,
          null,
          null,
          null,
          null,
          null,
          null,
          null,
          null,
          null,
          null,
          null,
          null,
          null,
          null,
          null,
          null,
          null,
          null,
          null,
          null,
          null,
          null,
          null,
          null,
          null,
          null,
          null,
          null,
          null,
          null,
          null,
          null,
          null,
          null,
          null,
          null,
          null,
          null,
          null,
          null,
          null,
          null,
          null,
          null,
          1,
          9,
          1,
          6,
          2,
          null,
          null,
          null,
          1,
          4,
          null,
          null,
          4,
          null,
          null,
          null,
          null,
          null,
          null,
          0,
          0,
          null,
          null,
          1,
          12,
          null,
          8,
          null,
          null,
          null,
          null,
          null,
          null,
          null,
          null,
          null
        ]
      },
      "/app/app/services/ai/summary_generator.rb": {
        "lines": [
          null,
          null,
          1,
          1,
          null,
          1,
          null,
          null,
          null,
          null,
          1,
          null,
          null,
          null,
          null,
          null,
          1,
          null,
          16,
          14,
          null,
          13,
          13,
          13,
          null,
          11,
          11,
          null,
          11,
          null,
          null,
          null,
          null,
          null,
          5,
          5,
          null,
          0,
          0,
          0,
          null,
          null,
          null,
          1,
          null,
          1,
          72,
          null,
          null,
          1,
          null,
          1,
          16,
          15,
          null,
          null,
          1,
          14,
          1,
          null,
          null,
          null,
          1,
          13,
          13,
          null,
          13,
          null,
          null,
          null,
          null,
          null,
          null,
          null,
          null,
          null,
          null,
          null,
          null,
          null,
          null,
          null,
          null,
          null,
          null,
          null,
          null,
          null,
          null,
          null,
          null,
          null,
          null,
          null,
          null,
          null,
          null,
          null,
          null,
          null,
          null,
          null,
          null,
          null,
          null,
          1,
          11,
          11,
          null,
          11,
          null,
          35,
          35,
          null,
          null,
          null,
          null,
          0,
          0,
          null,
          null,
          null
        ]
      },
      "/app/app/services/ai/tag_suggester.rb": {
        "lines": [
          null,
          null,
          1,
          1,
          1,
          null,
          null,
          null,
          null,
          null,
          1,
          null,
          12,
          null,
          11,
          11,
          11,
          11,
          null,
          10,
          10,
          null,
          10,
          null,
          null,
          null,
          null,
          null,
          2,
          2,
          null,
          0,
          0,
          0,
          null,
          null,
          null,
          1,
          null,
          1,
          63,
          null,
          null,
          1,
          null,
          1,
          12,
          11,
          null,
          null,
          1,
          11,
          11,
          null,
          11,
          null,
          null,
          null,
          null,
          null,
          null,
          null,
          null,
          null,
          null,
          null,
          null,
          null,
          null,
          null,
          null,
          null,
          null,
          null,
          null,
          null,
          null,
          null,
          null,
          null,
          null,
          null,
          null,
          null,
          null,
          null,
          null,
          null,
          null,
          null,
          null,
          null,
          null,
          null,
          null,
          1,
          10,
          10,
          null,
          10,
          null,
          10,
          25,
          null,
          25,
          null,
          null,
          null,
          null,
          25,
          null,
          0,
          0,
          null,
          null,
          null
        ]
      },
      "/app/app/services/ai/title_suggester.rb": {
        "lines": [
          null,
          null,
          1,
          null,
          null,
          null,
          null,
          1,
          1,
          null,
          null,
          null,
          null,
          1,
          8,
          null,
          6,
          6,
          6,
          null,
          5,
          5,
          null,
          5,
          null,
          null,
          null,
          null,
          null,
          null,
          null,
          null,
          null,
          3,
          3,
          null,
          0,
          0,
          0,
          null,
          null,
          1,
          null,
          1,
          33,
          null,
          null,
          1,
          null,
          1,
          8,
          7,
          null,
          null,
          1,
          8,
          8,
          null,
          8,
          null,
          null,
          null,
          null,
          null,
          null,
          null,
          null,
          null,
          null,
          null,
          null,
          null,
          null,
          null,
          null,
          null,
          null,
          null,
          null,
          null,
          null,
          null,
          null,
          null,
          null,
          null,
          null,
          null,
          null,
          null,
          null,
          null,
          null,
          null,
          null,
          null,
          null,
          null,
          null,
          null,
          null,
          null,
          null,
          null,
          1,
          5,
          null,
          null,
          5,
          null,
          null,
          null,
          0,
          0,
          null,
          null,
          1,
          10,
          null,
          2,
          null,
          4,
          null,
          null,
          null,
          null,
          null,
          null
        ]
      },
      "/app/app/services/ai/usage_statistics_service.rb": {
        "lines": [
          null,
          null,
          1,
          1,
          null,
          null,
          null,
          null,
          1,
          6,
          null,
          null,
          null,
          null,
          null,
          null,
          null,
          null,
          null,
          null,
          null,
          7,
          null,
          null,
          null,
          null,
          null,
          null,
          null,
          null,
          null,
          null,
          null,
          1,
          3,
          3,
          null,
          3,
          null,
          null,
          3,
          null,
          3,
          3,
          3,
          null,
          null,
          null,
          null,
          null,
          null,
          null,
          null,
          null,
          1,
          3,
          null,
          null,
          null,
          null,
          null,
          null,
          null,
          null,
          null,
          null,
          null,
          null,
          5,
          null,
          null,
          null,
          null,
          null,
          null,
          null,
          null,
          null,
          null,
          null,
          null,
          1,
          1,
          null,
          null,
          null,
          null,
          null,
          null,
          null,
          null,
          null,
          null,
          null,
          1,
          2,
          null,
          null,
          null,
          null,
          null,
          null,
          null,
          1,
          1,
          null,
          1,
          null,
          null,
          null,
          null,
          1,
          1,
          null,
          null,
          null,
          null,
          null,
          null,
          null,
          null,
          null,
          null,
          1,
          1,
          null,
          null,
          null,
          null,
          null,
          null,
          null,
          null,
          null,
          null,
          null,
          null,
          null,
          null,
          null,
          1,
          1,
          1,
          1,
          1,
          null,
          1,
          1,
          1,
          null,
          null,
          1,
          1,
          null,
          null,
          1,
          null,
          null,
          null,
          null,
          null,
          null,
          null,
          null,
          null,
          null,
          null,
          null,
          null,
          null,
          null,
          null,
          null,
          null,
          null,
          null,
          null,
          null,
          null,
          1,
          3,
          null,
          null,
          null,
          null,
          null,
          null,
          null,
          null,
          null,
          null,
          null,
          4,
          null,
          null,
          null,
          null,
          null,
          null,
          null,
          null,
          null,
          null,
          1,
          1,
          1,
          1,
          null,
          null,
          1,
          3,
          null,
          1,
          3,
          null,
          null,
          null,
          4,
          null,
          3,
          3,
          3,
          null,
          null,
          null,
          null,
          1,
          null,
          null,
          1,
          null,
          7,
          null,
          null,
          null,
          null,
          null,
          null,
          7,
          null,
          null,
          null,
          1,
          null,
          2,
          null,
          null,
          null,
          2,
          null,
          null,
          null,
          1,
          2,
          2,
          null,
          null,
          null,
          1,
          1,
          null,
          null,
          null,
          null,
          null,
          1,
          null,
          null,
          null,
          null,
          null,
          null,
          null,
          null,
          null,
          null,
          null,
          null
        ]
      },
      "/app/app/services/ai/usage_tracker.rb": {
        "lines": [
          null,
          null,
          1,
          1,
          1,
          null,
          null,
          null,
          null,
          null,
          1,
          52,
          51,
          null,
          null,
          null,
          null,
          null,
          null,
          1,
          null,
          null,
          null,
          null,
          null,
          null,
          null,
          1,
          10,
          null,
          null,
          10,
          null,
          null,
          null,
          null,
          null,
          null,
          null,
          null,
          null,
          null,
          null,
          null,
          null,
          null,
          null,
          1,
          2,
          null,
          2,
          null,
          null,
          null,
          null,
          null,
          null,
          null,
          1,
          6,
          6,
          null,
          null,
          null,
          1,
          2,
          null,
          null,
          null,
          1,
          2,
          2,
          null,
          null,
          1,
          null,
          1,
          10,
          null,
          null,
          null,
          null,
          null,
          null,
          13,
          null,
          null,
          null,
          null,
          null,
          null,
          null,
          null,
          1,
          10,
          null,
          null,
          null,
          null,
          null,
          null,
          14,
          null,
          null,
          null,
          null,
          null,
          null,
          null,
          1,
          10,
          null,
          null,
          10,
          60,
          null,
          60,
          null,
          null,
          null,
          null,
          null,
          null,
          null,
          null,
          null
        ]
      },
      "/app/app/services/article_association_service.rb": {
        "lines": [
          null,
          null,
          null,
          1,
          1,
          null,
          1,
          7,
          null,
          null,
          1,
          null,
          5,
          null,
          null,
          null,
          null,
          null,
          null,
          1,
          2,
          2,
          null,
          null,
          1,
          0,
          null,
          null,
          1,
          0,
          null,
          null,
          1,
          null,
          1,
          2,
          null,
          null,
          1,
          1,
          null,
          null,
          1,
          2,
          null,
          null,
          1,
          2,
          null,
          null,
          1,
          null,
          null
        ]
      },
      "/app/app/services/article_content_manager.rb": {
        "lines": [
          1,
          1,
          39,
          null,
          null,
          null,
          1,
          27,
          27,
          null,
          null,
          1,
          2,
          2,
          null,
          null,
          1,
          1,
          1,
          null,
          1,
          1,
          null,
          null,
          1,
          1,
          1,
          1,
          null,
          null,
          null,
          1,
          2,
          2,
          null,
          null,
          1,
          1,
          1,
          null,
          null,
          1,
          4,
          4,
          null,
          null,
          2,
          2,
          null,
          null,
          1,
          1,
          1,
          1,
          null,
          null,
          null,
          null,
          1,
          0,
          null,
          null,
          1,
          9,
          null,
          null,
          1,
          3,
          3,
          3,
          null,
          null,
          1,
          1,
          null,
          null,
          null,
          1,
          1,
          null,
          1,
          null,
          0,
          null,
          0,
          null,
          0,
          null,
          null,
          null,
          1,
          null,
          1,
          6,
          null,
          null,
          1,
          null,
          2,
          null,
          null,
          null,
          null,
          null,
          null,
          null,
          null,
          null,
          null,
          null,
          1,
          2,
          null,
          1,
          1,
          null,
          1,
          0,
          null,
          null,
          1,
          null,
          null,
          1,
          3,
          null,
          3,
          null,
          0,
          null,
          0,
          null,
          null,
          null,
          1,
          3,
          null,
          6,
          6,
          null,
          null,
          6,
          6,
          6,
          null,
          0,
          0,
          null,
          null,
          null,
          null
        ]
      },
      "/app/app/services/article_meta_manager.rb": {
        "lines": [
          1,
          1,
          63,
          null,
          null,
          null,
          1,
          2,
          2,
          null,
          1,
          1,
          1,
          null,
          null,
          1,
          1,
          null,
          1,
          1,
          1,
          null,
          null,
          1,
          0,
          null,
          null,
          null,
          1,
          59,
          null,
          null,
          1,
          2,
          1,
          null,
          1,
          null,
          null,
          null,
          1,
          1,
          1,
          null,
          null,
          null,
          1,
          1,
          1,
          1,
          null,
          null,
          1,
          15,
          null,
          null,
          null,
          null,
          1,
          3,
          null,
          null,
          3,
          0,
          null,
          null,
          3,
          3,
          null,
          null,
          3,
          3,
          1,
          null,
          null,
          null,
          3,
          null,
          null,
          null,
          1,
          12,
          null,
          null,
          1,
          12,
          null,
          null,
          1,
          0,
          null,
          null,
          0,
          null,
          null,
          1,
          1,
          null,
          null,
          null,
          1,
          null,
          2,
          null,
          null,
          null,
          null,
          null,
          null,
          null,
          null,
          null,
          null,
          null,
          null,
          null,
          null,
          1,
          1,
          null,
          null,
          null,
          1,
          1,
          null,
          1,
          null,
          null,
          null,
          1,
          null,
          null,
          1,
          1,
          1,
          null,
          1,
          1,
          null,
          null,
          1,
          null,
          1,
          1,
          null,
          null,
          1,
          2,
          null,
          null,
          1,
          2,
          null,
          null,
          1,
          3,
          3,
          null,
          3,
          2,
          2,
          null,
          null,
          3,
          null,
          null,
          1,
          5,
          null,
          null
        ]
      },
      "/app/app/services/article_publishing_manager.rb": {
        "lines": [
          1,
          1,
          69,
          null,
          null,
          null,
          1,
          2,
          2,
          2,
          2,
          null,
          null,
          1,
          1,
          1,
          1,
          null,
          null,
          1,
          1,
          1,
          1,
          null,
          null,
          1,
          2,
          null,
          1,
          1,
          1,
          null,
          null,
          1,
          1,
          1,
          null,
          1,
          1,
          null,
          null,
          null,
          1,
          77,
          null,
          null,
          null,
          null,
          1,
          37,
          null,
          null,
          1,
          3,
          null,
          null,
          null,
          null,
          1,
          1,
          null,
          null,
          1,
          0,
          0,
          null,
          null,
          0,
          null,
          null,
          null,
          1,
          1,
          null,
          null,
          1,
          1,
          1,
          null,
          null,
          1,
          0,
          null,
          0,
          null,
          null,
          null,
          1,
          1,
          null,
          null,
          1,
          null,
          1,
          1,
          null,
          0,
          null,
          null,
          null,
          null,
          null,
          1,
          7,
          null,
          1,
          null,
          2,
          null,
          1,
          null,
          2,
          null,
          1,
          null,
          null,
          null,
          1,
          0,
          null,
          null,
          1,
          0,
          null,
          null,
          1,
          0,
          null,
          null,
          1,
          0,
          null,
          null,
          null,
          1,
          0,
          0,
          null,
          null,
          1,
          null,
          0,
          null,
          null,
          null,
          null,
          null,
          null,
          null,
          null,
          null,
          1,
          3,
          null,
          3,
          3,
          3,
          3,
          null,
          3,
          1,
          0,
          1,
          1,
          null,
          null,
          null,
          3,
          null,
          null,
          1,
          2,
          null,
          null,
          1,
          null,
          1,
          6,
          null,
          null,
          1,
          null,
          4,
          4,
          null,
          null,
          1,
          4,
          4,
          null,
          null,
          null,
          1,
          4,
          4,
          null,
          null,
          null
        ]
      },
      "/app/app/services/article_publishing_service.rb": {
        "lines": [
          null,
          null,
          null,
          1,
          1,
          null,
          1,
          10,
          10,
          null,
          null,
          1,
          6,
          5,
          null,
          1,
          1,
          null,
          null,
          null,
          1,
          3,
          3,
          null,
          0,
          0,
          null,
          null,
          null,
          1,
          1,
          0,
          null,
          1,
          null,
          null,
          null,
          1,
          1,
          1,
          null,
          0,
          0,
          null,
          null,
          null
        ]
      },
      "/app/app/services/article_statistics_service.rb": {
        "lines": [
          null,
          null,
          null,
          1,
          1,
          1,
          null,
          null,
          1,
          null,
          1,
          null,
          null,
          null,
          null,
          null,
          null,
          null,
          null,
          null,
          1,
          5,
          null,
          5,
          null,
          null,
          null,
          null,
          null,
          1,
          null,
          1,
          1,
          null,
          null,
          1,
          1,
          null,
          null,
          null,
          null,
          1,
          0,
          null,
          null,
          null,
          null
        ]
      },
      "/app/app/services/cache_monitor_service.rb": {
        "lines": [
          null,
          null,
          null,
          null,
          1,
          1,
          null,
          null,
          null,
          1,
          2,
          1,
          null,
          1,
          null,
          null,
          null,
          null,
          null,
          null,
          null,
          null,
          1,
          3,
          3,
          null,
          2,
          null,
          null,
          null,
          null,
          null,
          1,
          0,
          null,
          null,
          0,
          null,
          0,
          null,
          null,
          null,
          null,
          null,
          null,
          1,
          2,
          1,
          1,
          null,
          1,
          1,
          null,
          null,
          1,
          null,
          1,
          0,
          null,
          null,
          1,
          0,
          null,
          null,
          1,
          1,
          null,
          1,
          null,
          null,
          null,
          null,
          null,
          null,
          null,
          null,
          null,
          null,
          null,
          null,
          0,
          0,
          null,
          null,
          1,
          1,
          null,
          null,
          1,
          1,
          1,
          null,
          null,
          null,
          null,
          null,
          null,
          null,
          null,
          null,
          0,
          null,
          null,
          null,
          null,
          null,
          0,
          0,
          null,
          null,
          1,
          null,
          0,
          null,
          null,
          null,
          null,
          null,
          1,
          1,
          null,
          1,
          1,
          1,
          null,
          1,
          null,
          null,
          null
        ]
      },
      "/app/app/services/database_export/active_storage_export_service.rb": {
        "lines": [
          null,
          null,
          1,
          null,
          1,
          1,
          13,
          13,
          13,
          null,
          null,
          null,
          null,
          1,
          13,
          null,
          13,
          2,
          2,
          null,
          null,
          11,
          9,
          null,
          9,
          9,
          null,
          2,
          2,
          2,
          null,
          null,
          1,
          null,
          1,
          13,
          null,
          null,
          1,
          11,
          null,
          11,
          11,
          null,
          null,
          1,
          9,
          9,
          null,
          9,
          null,
          null,
          1,
          21,
          null,
          null,
          1,
          21,
          null,
          null,
          1,
          9,
          null,
          4,
          4,
          4,
          null,
          4,
          null,
          null,
          null
        ]
      },
      "/app/app/services/database_export/database_export_service.rb": {
        "lines": [
          null,
          null,
          1,
          null,
          null,
          1,
          null,
          null,
          1,
          null,
          null,
          null,
          null,
          null,
          null,
          null,
          null,
          null,
          null,
          null,
          null,
          1,
          null,
          34,
          null,
          null,
          null,
          null,
          null,
          null,
          null,
          1,
          32,
          null,
          32,
          32,
          32,
          null,
          32,
          null,
          32,
          null,
          null,
          1,
          null,
          1,
          32,
          null,
          null,
          null,
          null,
          null,
          null,
          32,
          null,
          null,
          1,
          64,
          352,
          null,
          null,
          null,
          1,
          32,
          352,
          null,
          null,
          null,
          1,
          3763,
          352,
          null,
          352,
          null,
          null,
          1,
          null,
          3411,
          null,
          null,
          1,
          32,
          32,
          null,
          32,
          null,
          null,
          1,
          32,
          32,
          null,
          32,
          null,
          null,
          1,
          32,
          32,
          null,
          32,
          null,
          null,
          null
        ]
      },
      "/app/app/models/admin_user.rb": {
        "lines": [
          1,
          null,
          null,
          1,
          null,
          null,
          null,
          1,
          1,
          1,
          null,
          1,
          null
        ]
      },
      "/app/app/models/section.rb": {
        "lines": [
          1,
          1,
          1,
          null,
          1,
          22,
          null,
          1,
          1,
          null,
          7,
          null,
          1,
          23,
          null,
          null
        ]
      },
      "/app/app/models/article_category.rb": {
        "lines": [
          1,
          1,
          1,
          null,
          1,
          1,
          null,
          1,
          null,
          1,
          96,
          null,
          null
        ]
      },
      "/app/app/models/article_tag.rb": {
        "lines": [
          1,
          1,
          1,
          null
        ]
      },
      "/app/app/models/contact.rb": {
        "lines": [
          1,
          1,
          null,
          null,
          1,
          1,
          1,
          null,
          1,
          1,
          null,
          null,
          1,
          1,
          1,
          null,
          null,
          3,
          1,
          1,
          1,
          3,
          3,
          null,
          1,
          1,
          null,
          1,
          49,
[...]
        "lines": [
          1,
          1,
          null,
          19,
          null,
          null,
          19,
          19,
          null,
          19,
          10,
          10,
          null,
          10,
          1,
          null,
          null,
          null,
          null,
          1,
          1,
          null,
          null,
          1,
          null,
          9,
          null,
          null,
          null,
          null,
          9,
          9,
          9,
          9,
          null,
          9,
          null,
          null,
          9,
          null,
          null,
          9,
          null,
          null,
          null,
          null,
          null,
          null,
          null,
          null,
          null,
          null,
          19,
          19,
          null,
          null,
          19,
          18,
          null,
          19,
          18,
          null,
          null,
          19,
          9,
          null,
          null,
          null,
          19,
          null,
          null,
          1,
          null,
          4,
          null,
          null,
          null,
          null,
          null,
          null,
          null,
          null,
          4,
          null,
          null,
          null,
          null,
          null,
          null,
          null,
          null,
          7,
          null,
          4,
          null,
          null,
          null,
          1,
          null,
          1,
          19,
          null,
          null,
          1,
          10,
          null,
          null,
          null,
          null,
          null
        ]
      },
      "/app/app/controllers/admin/site_settings_controller.rb": {
        "lines": [
          1,
          1,
          null,
          1,
          1,
          1,
          1,
          1,
          1,
          1,
          1,
          null,
          null,
          1,
          2,
          null,
          null,
          2,
          2,
          null,
          2,
          null,
          1,
          null,
          1,
          1,
          1,
          1,
          null,
          0,
          null,
          null,
          0,
          null,
          null,
          null,
          null,
          1,
          1,
          1,
          null,
          null,
          null,
          1,
          1,
          1,
          null,
          null,
          null,
          1,
          1,
          1,
          1,
          1,
          null,
          0,
          null,
          null,
          null,
          null,
          1,
          1,
          1,
          1,
          1,
          null,
          0,
          null,
          null,
          null,
          null,
          1,
          1,
          1,
          1,
          1,
          null,
          0,
          null,
          null,
          null,
          null,
          2,
          1,
          null,
          1,
          null,
          null,
          null,
          1,
          null,
          1,
          3,
          3,
          3,
          3,
          3,
          3,
          null,
          null,
          1,
          0,
          null,
          null
        ]
      },
      "/app/app/controllers/admin/tags_controller.rb": {
        "lines": [
          1,
          1,
          null,
          1,
          2,
          2,
          null,
          2,
          2,
          null,
          null,
          1,
          1,
          null,
          1,
          1,
          null,
          null,
          1,
          0,
          null,
          null,
          1,
          null,
          null,
          1,
          1,
          null,
          1,
          1,
          null,
          0,
          null,
          null,
          null,
          1,
          1,
          1,
          null,
          0,
          null,
          null,
          null,
          1,
          1,
          1,
          null,
          null,
          1,
          null,
          1,
          3,
          null,
          null,
          1,
          2,
          null,
          null
        ]
      },
      "/app/app/controllers/contacts_controller.rb": {
        "lines": [
          1,
          null,
          4,
          null,
          1,
          null,
          3,
          null,
          0,
          0,
          null,
          null,
          null,
          null,
          null,
          3,
          null,
          null,
          3,
          3,
          3,
          null,
          3,
          3,
          null,
          null,
          null,
          null,
          0,
          null,
          null,
          null,
          null,
          null,
          null,
          null,
          1,
          null,
          1,
          3,
          null,
          null
        ]
      },
      "/app/app/controllers/api/v1/sections_controller.rb": {
        "lines": [
          1,
          1,
          null,
          null,
          1,
          2,
          null,
          null,
          null,
          18,
          null,
          null,
          null,
          1,
          1,
          null,
          null,
          1,
          null,
          1,
          3,
          3,
          null,
          null,
          2,
          null,
          null
        ]
      },
      "/app/app/serializers/section_serializer.rb": {
        "lines": [
          1,
          1,
          17,
          17,
          null,
          null,
          1,
          null,
          17,
          null,
          null,
          null,
          null,
          null,
          null,
          null,
          null,
          null,
          null,
          null,
          17,
          12,
          12,
          null,
          null,
          12,
          2,
          null,
          null,
          null,
          null,
          null,
          null,
          17,
          1,
          null,
          null,
          17,
          null,
          null,
          1,
          null,
          1,
          1,
          null,
          null,
          1,
          null,
          null,
          null,
          1,
          0,
          null,
          null,
          null,
          null,
          null,
          null,
          1,
          null,
          null
        ]
      },
      "/app/app/controllers/admin/section_contents_controller.rb": {
        "lines": [
          1,
          1,
          1,
          null,
          1,
          1,
          null,
          null,
          1,
          null,
          null,
          1,
          1,
          1,
          null,
          1,
          1,
          null,
          0,
          null,
          null,
          null,
          1,
          1,
          1,
          null,
          0,
          null,
          null,
          null,
          1,
          1,
          1,
          null,
          null,
          1,
          1,
          1,
          null,
          1,
          1,
          null,
          0,
          null,
          null,
          null,
          1,
          null,
          1,
          5,
          null,
          null,
          1,
          3,
          null,
          null,
          1,
          2,
          null,
          null
        ]
      },
      "/app/app/controllers/sitemaps_controller.rb": {
        "lines": [
          null,
          null,
          null,
          null,
          1,
          1,
          5,
          5,
          null,
          5,
          5,
          null,
          null,
          null
        ]
      },
      "/app/app/controllers/feeds_controller.rb": {
        "lines": [
          null,
          null,
          null,
          null,
          1,
          1,
          4,
          null,
          4,
          8,
          null,
          null,
          null,
          1,
          3,
          null,
          3,
          6,
          null,
          null,
          null,
          1,
          null,
          1,
          7,
          null,
          null,
          null,
          7,
          7,
          null,
          null
        ]
      },
      "/app/app/controllers/admin/sections_controller.rb": {
        "lines": [
          1,
          1,
          null,
          1,
          1,
          null,
          null,
          1,
          1,
          null,
          null,
          1,
          0,
          null,
          null,
          1,
          null,
          null,
          1,
          1,
          null,
          1,
          1,
          null,
          0,
          null,
          null,
          null,
          1,
          1,
          1,
          null,
          0,
          null,
          null,
          null,
          1,
          1,
          1,
          null,
          null,
          1,
          null,
          1,
          3,
          null,
          null,
          1,
          2,
          null,
          null
        ]
      },
      "/app/app/controllers/admin_users/sessions_controller.rb": {
        "lines": [
          1,
          1,
          null,
          1,
          null,
          1,
          2,
          null,
          null,
          1,
          3,
          null,
          null
        ]
      },
      "/app/app/controllers/admin/contacts_controller.rb": {
        "lines": [
          1,
          1,
          null,
          1,
          2,
          2,
          2,
          2,
          null,
          null,
          1,
          2,
          null,
          null,
          1,
          null,
          null,
          1,
          null,
          4,
          3,
          null,
          1,
          1,
          null,
          1,
          1,
          null,
          1,
          1,
          null,
          0,
          0,
          null,
          1,
          0,
          null,
          1,
          null,
          null,
          null,
          1,
          1,
          1,
          null,
          null,
          1,
          null,
          1,
          7,
          null,
          null,
          1,
          1,
          null,
          null
        ]
      },
      "/app/app/controllers/admin/article_images_controller.rb": {
        "lines": [
          1,
          null,
          1,
          1,
          1,
          1,
          null,
          null,
          1,
          8,
          null,
          null,
          8,
          1,
          null,
          null,
          7,
          1,
          null,
          null,
          null,
          6,
          1,
          null,
          null,
          null,
          5,
          0,
          null,
          null,
          null,
          5,
          5,
          null,
          5,
          null,
          5,
          null,
          null,
          5,
          5,
          null,
          null,
          5,
          null,
          5,
          null,
          null,
          null,
          null,
          null,
          null,
          null,
          null,
          null,
          null,
          0,
          null,
          null,
          0,
          null,
          0,
          0,
          0,
          null,
          null,
          1,
          null,
          null,
          1,
          6,
          null,
          null,
          null,
          1,
          5,
          0,
          0,
          0,
          0,
          null,
          null,
          5,
          5,
          null,
          null,
          null,
          null,
          1,
          5,
          null,
          3,
          3,
          null,
          3,
          null,
          null,
          null,
          null,
          null,
          null,
          null,
          2,
          null,
          null,
          null,
          null,
          1,
          3,
          null,
          null
        ]
      },
      "/app/app/controllers/admin/my_story_sections_controller.rb": {
        "lines": [
          1,
          1,
          null,
          1,
          1,
          null,
          null,
          null,
          null,
          null,
          null,
          1,
          1,
          1,
          1,
          1,
          null,
          null,
          1,
          null,
          1,
          1,
          null,
          null,
          1,
          0,
          0,
          null,
          null,
          1,
          0,
          null,
          null,
          1,
          1,
          1,
          null,
          1,
          1,
          null,
          null,
          0,
          null,
          null,
          null,
          1,
          1,
          null,
          1,
          1,
          null,
          null,
          0,
          null,
          null,
          null,
          1,
          1,
          1,
          1,
          null,
          null,
          null,
          1,
          1,
          null,
          1,
          1,
          null,
          0,
          null,
          null,
          null,
          1,
          1,
          null,
          1,
          1,
          null,
          0,
          null,
          null,
          null,
          1,
          1,
          1,
          null,
          1,
          1,
          null,
          0,
          null,
          null,
          null,
          1,
          null,
          1,
          7,
          null,
          1,
          null,
          null,
          1,
          2,
          null,
          null,
          null,
          null,
          null,
          null,
          null,
          null,
          null,
          null,
          null,
          null,
          null,
          null,
          null,
          null,
          null,
          null,
          null,
          null,
          null,
          null,
          null,
          null,
          null,
          null,
          null,
          null,
          null,
          null,
          null,
          null,
          null,
          null
        ]
      },
      "/app/app/controllers/api/v1/categories_controller.rb": {
        "lines": [
          1,
          1,
          null,
          null,
          1,
          2,
          null,
          1,
          null,
          null,
          6,
          null,
          null,
          1,
          1,
          null,
          1,
          null,
          null,
          null,
          1,
          null,
          null,
          null,
          null,
          1,
          1,
          null,
          null,
          null,
          1,
          1,
          null,
          null,
          null,
          null,
          null,
          2,
          null,
          null,
          1,
          null,
          null,
          null,
          null,
          null,
          null,
          null,
          1,
          null,
          null,
          1,
          null,
          1,
          3,
          null,
          null,
          3,
          null,
          null,
          1,
          null,
          1,
          null,
          1,
          5,
          null,
          null,
          5,
          5,
          2,
          null,
          null,
          5,
          null,
          null,
          null
        ]
      },
      "/app/app/serializers/category_serializer.rb": {
        "lines": [
          1,
          1,
          12,
          12,
          null,
          null,
          1,
          null,
          12,
          null,
          null,
          null,
          null,
          null,
          null,
          null,
          null,
          null,
          null,
          null,
          12,
          1,
          null,
          null,
          null,
          null,
          null,
          null,
          12,
          1,
          null,
          null,
          12,
          null,
          null,
          1,
          null,
          1,
          null,
          1,
          null,
          null,
          null,
          null,
          null,
          null,
          null,
          null
        ]
      },
      "/app/app/models/slack_notification.rb": {
        "lines": [
          1,
          1,
          null,
          1,
          1,
          null,
          null,
          1,
          1,
          1,
          1,
          null,
          null,
          1,
          0,
          0,
          null,
          null,
          1,
          1,
          null,
          null,
          1,
          1,
          null,
          null,
          1,
          0,
          null,
          null
        ]
      },
      "/app/app/controllers/admin/ai_usage_controller.rb": {
        "lines": [
          null,
          null,
          1,
          null,
          1,
          2,
          2,
          null,
          null,
          2,
          1,
          null,
          1,
          1,
          null,
          1,
          1,
          1,
          1,
          null,
          null,
          null,
          1,
          2,
          1,
          null,
          1,
          null,
          1,
          null,
          null,
          null,
          null,
          1,
          null,
          0,
          0,
          null,
          null
        ]
      },
      "/app/app/controllers/admin/categories_controller.rb": {
        "lines": [
          1,
          1,
          null,
          1,
          1,
          1,
          1,
          null,
          null,
          1,
          null,
          1,
          1,
          null,
          null,
          1,
          0,
          0,
          null,
          null,
          1,
          0,
          null,
          null,
          1,
          1,
          null,
          1,
          1,
          null,
          0,
          0,
          null,
          null,
          null,
          1,
          1,
          1,
          null,
          0,
          0,
          null,
          null,
          null,
          1,
          2,
          1,
          null,
          1,
          1,
          null,
          null,
          null,
          1,
          1,
          1,
          null,
          null,
          1,
          1,
          1,
          null,
          null,
          1,
          null,
          1,
          6,
          null,
          null,
          1,
          2,
          null,
          null
        ]
      },
      "/app/app/controllers/api/v1/tags_controller.rb": {
        "lines": [
          1,
          1,
          null,
          null,
          1,
          2,
          null,
          null,
          null,
          null,
          null,
          2,
          1,
          null,
          null,
          2,
          null,
          null,
          null,
          1,
          1,
          null,
          null,
          null,
          1,
          1,
          null,
          null,
          null,
          null,
          null,
          1,
          null,
          null,
          1,
          null,
          1,
          3,
          null,
          null,
          3,
          null,
          null
        ]
      },
      "/app/app/serializers/tag_serializer.rb": {
        "lines": [
          1,
          1,
          17,
          17,
          null,
          null,
          1,
          null,
          17,
          null,
          null,
          null,
          null,
          null,
          null,
          null,
          null,
          null,
          null,
          17,
          1,
          null,
          null,
          17,
          null,
          null,
          1,
          null,
          1,
          null,
          1,
          null,
          null,
          null,
          null
        ]
      }
    },
    "timestamp": 1768960734
  }
}
